sample.interval=10000
".External" "f" "doTryCatch" "tryCatchOne" "tryCatchList" "tryCatch" "withCallingHandlers" ".rs.callAs" "Rprof" 
"$.data.frame" "$" "strsplit" "unlist" "which" "countCharOccurrences" 
"unlist" "which" "countCharOccurrences" 
"c" 
"[[.data.frame" "[[" "$.data.frame" "$" "strsplit" "unlist" "which" "countCharOccurrences" 
"%in%" "[[.data.frame" "[[" "$.data.frame" "$" "strsplit" "unlist" "which" "countCharOccurrences" 
"<Anonymous>" "[[.data.frame" "[[" "$.data.frame" "$" "strsplit" "unlist" "which" "countCharOccurrences" 
"all" "[[.data.frame" "[[" "$.data.frame" "$" "strsplit" "unlist" "which" "countCharOccurrences" 
"[[.data.frame" "[[" "$.data.frame" "$" "strsplit" "unlist" "which" "countCharOccurrences" 
"c" 
"strsplit" "unlist" "which" "countCharOccurrences" 
"sys.call" "%in%" "[[.data.frame" "[[" "$.data.frame" "$" "strsplit" "unlist" "which" "countCharOccurrences" 
"$" "strsplit" "unlist" "which" "countCharOccurrences" 
"c" 
"c" 
"strsplit" "unlist" "which" "countCharOccurrences" 
"[[.data.frame" "[[" "$.data.frame" "$" "strsplit" "unlist" "which" "countCharOccurrences" 
"unlist" "which" "countCharOccurrences" 
"[[" "$.data.frame" "$" "strsplit" "unlist" "which" "countCharOccurrences" 
"strsplit" "unlist" "which" "countCharOccurrences" 
"c" 
"strsplit" "unlist" "which" "countCharOccurrences" 
"c" 
"c" 
"sys.call" "%in%" "[[.data.frame" "[[" "$.data.frame" "$" "strsplit" "unlist" "which" "countCharOccurrences" 
"c" 
"c" 
"c" 
".subset2" "<Anonymous>" "[[.data.frame" "[[" "$.data.frame" "$" "strsplit" "unlist" "which" "countCharOccurrences" 
"[[.data.frame" "[[" "$.data.frame" "$" "strsplit" "unlist" "which" "countCharOccurrences" 
"strsplit" "unlist" "which" "countCharOccurrences" 
"c" 
"which" "countCharOccurrences" 
"c" 
"c" 
"c" 
"which" "countCharOccurrences" 
"c" 
"strsplit" "unlist" "which" "countCharOccurrences" 
"c" 
"c" 
"countCharOccurrences" 
"c" 
"c" 
"c" 
"<Anonymous>" "[[.data.frame" "[[" "$.data.frame" "$" "strsplit" "unlist" "which" "countCharOccurrences" 
"$" "strsplit" "unlist" "which" "countCharOccurrences" 
"c" 
"c" 
"c" 
"c" 
"c" 
"c" 
"c" 
"c" 
"c" 
"c" 
"c" 
"is.matrix" "<Anonymous>" "[[.data.frame" "[[" "$.data.frame" "$" "strsplit" "unlist" "which" "countCharOccurrences" 
"c" 
"<Anonymous>" "[[.data.frame" "[[" "$.data.frame" "$" "strsplit" "unlist" "which" "countCharOccurrences" 
"unlist" "which" "countCharOccurrences" 
"$" "strsplit" "unlist" "which" "countCharOccurrences" 
"is.matrix" "<Anonymous>" "[[.data.frame" "[[" "$.data.frame" "$" "strsplit" "unlist" "which" "countCharOccurrences" 
"c" 
"which" "countCharOccurrences" 
"c" 
"c" 
"c" 
"countCharOccurrences" 
"c" 
"c" 
"c" 
"c" 
"c" 
"[[" "$.data.frame" "$" "strsplit" "unlist" "which" "countCharOccurrences" 
"%in%" "[[.data.frame" "[[" "$.data.frame" "$" "strsplit" "unlist" "which" "countCharOccurrences" 
"unlist" "which" "countCharOccurrences" 
"c" 
"c" 
"c" 
"%in%" "[[.data.frame" "[[" "$.data.frame" "$" "strsplit" "unlist" "which" "countCharOccurrences" 
"c" 
"c" 
"%in%" "[[.data.frame" "[[" "$.data.frame" "$" "strsplit" "unlist" "which" "countCharOccurrences" 
"c" 
"$" "strsplit" "unlist" "which" "countCharOccurrences" 
"c" 
"unlist" "which" "countCharOccurrences" 
"[[.data.frame" "[[" "$.data.frame" "$" "strsplit" "unlist" "which" "countCharOccurrences" 
"c" 
"c" 
"c" 
"c" 
"$.data.frame" "$" "strsplit" "unlist" "which" "countCharOccurrences" 
"[[.data.frame" "[[" "$.data.frame" "$" "strsplit" "unlist" "which" "countCharOccurrences" 
"which" "countCharOccurrences" 
"c" 
"c" 
"[[" "$.data.frame" "$" "strsplit" "unlist" "which" "countCharOccurrences" 
"c" 
"nargs" "[[.data.frame" "[[" "$.data.frame" "$" "strsplit" "unlist" "which" "countCharOccurrences" 
"c" 
"countCharOccurrences" 
"c" 
"sys.call" "%in%" "[[.data.frame" "[[" "$.data.frame" "$" "strsplit" "unlist" "which" "countCharOccurrences" 
"c" 
"[[" "$.data.frame" "$" "strsplit" "unlist" "which" "countCharOccurrences" 
"c" 
"c" 
"c" 
"which" "countCharOccurrences" 
"names" "%in%" "[[.data.frame" "[[" "$.data.frame" "$" "strsplit" "unlist" "which" "countCharOccurrences" 
"strsplit" "unlist" "which" "countCharOccurrences" 
"sys.call" "%in%" "[[.data.frame" "[[" "$.data.frame" "$" "strsplit" "unlist" "which" "countCharOccurrences" 
"strsplit" "unlist" "which" "countCharOccurrences" 
"c" 
"[[" "$.data.frame" "$" "strsplit" "unlist" "which" "countCharOccurrences" 
"c" 
"c" 
"c" 
"c" 
"c" 
"c" 
"c" 
"which" "countCharOccurrences" 
"c" 
"which" "countCharOccurrences" 
"c" 
"c" 
"c" 
"c" 
"<Anonymous>" "[[.data.frame" "[[" "$.data.frame" "$" "strsplit" "unlist" "which" "countCharOccurrences" 
"c" 
"which" "countCharOccurrences" 
"c" 
"c" 
"c" 
"all" "[[.data.frame" "[[" "$.data.frame" "$" "strsplit" "unlist" "which" "countCharOccurrences" 
"which" "countCharOccurrences" 
"strsplit" "unlist" "which" "countCharOccurrences" 
"c" 
"c" 
"c" 
"c" 
"c" 
"c" 
"strsplit" "unlist" "which" "countCharOccurrences" 
"<Anonymous>" "[[.data.frame" "[[" "$.data.frame" "$" "strsplit" "unlist" "which" "countCharOccurrences" 
"c" 
"$.data.frame" "$" "strsplit" "unlist" "which" "countCharOccurrences" 
"c" 
"c" 
"$.data.frame" "$" "strsplit" "unlist" "which" "countCharOccurrences" 
"[[.data.frame" "[[" "$.data.frame" "$" "strsplit" "unlist" "which" "countCharOccurrences" 
"c" 
"c" 
"c" 
"[[.data.frame" "[[" "$.data.frame" "$" "strsplit" "unlist" "which" "countCharOccurrences" 
"sys.call" "%in%" "[[.data.frame" "[[" "$.data.frame" "$" "strsplit" "unlist" "which" "countCharOccurrences" 
"c" 
"all" "[[.data.frame" "[[" "$.data.frame" "$" "strsplit" "unlist" "which" "countCharOccurrences" 
"c" 
"c" 
"which" "countCharOccurrences" 
"[[.data.frame" "[[" "$.data.frame" "$" "strsplit" "unlist" "which" "countCharOccurrences" 
"c" 
"c" 
"c" 
"strsplit" "unlist" "which" "countCharOccurrences" 
"c" 
"which" "countCharOccurrences" 
"[[.data.frame" "[[" "$.data.frame" "$" "strsplit" "unlist" "which" "countCharOccurrences" 
"c" 
"c" 
"c" 
"c" 
"$" "strsplit" "unlist" "which" "countCharOccurrences" 
"strsplit" "unlist" "which" "countCharOccurrences" 
"c" 
"strsplit" "unlist" "which" "countCharOccurrences" 
"c" 
"[[.data.frame" "[[" "$.data.frame" "$" "strsplit" "unlist" "which" "countCharOccurrences" 
"c" 
"c" 
"c" 
"c" 
"c" 
"c" 
"c" 
"c" 
"c" 
"c" 
"c" 
"c" 
"c" 
"unlist" "which" "countCharOccurrences" 
"c" 
"c" 
"c" 
"c" 
"c" 
"length" "countCharOccurrences" 
"c" 
"countCharOccurrences" 
"which" "countCharOccurrences" 
"c" 
"c" 
"countCharOccurrences" 
"c" 
"c" 
"c" 
"c" 
"c" 
"c" 
"c" 
"c" 
"c" 
"c" 
"strsplit" "unlist" "which" "countCharOccurrences" 
"c" 
"c" 
"c" 
"sys.call" "%in%" "[[.data.frame" "[[" "$.data.frame" "$" "strsplit" "unlist" "which" "countCharOccurrences" 
"c" 
"c" 
"strsplit" "unlist" "which" "countCharOccurrences" 
"c" 
"c" 
"c" 
"c" 
"c" 
"strsplit" "unlist" "which" "countCharOccurrences" 
"$" "strsplit" "unlist" "which" "countCharOccurrences" 
"c" 
"strsplit" "unlist" "which" "countCharOccurrences" 
"$.data.frame" "$" "strsplit" "unlist" "which" "countCharOccurrences" 
"c" 
"c" 
"c" 
"c" 
"c" 
"c" 
"which" "countCharOccurrences" 
"c" 
"c" 
"c" 
"[[" "$.data.frame" "$" "strsplit" "unlist" "which" "countCharOccurrences" 
"c" 
"c" 
"c" 
"c" 
"strsplit" "unlist" "which" "countCharOccurrences" 
"c" 
"c" 
"c" 
"c" 
"c" 
"c" 
"c" 
"c" 
"[[.data.frame" "[[" "$.data.frame" "$" "strsplit" "unlist" "which" "countCharOccurrences" 
"c" 
"c" 
"which" "countCharOccurrences" 
"c" 
"c" 
"c" 
"c" 
"c" 
"c" 
"c" 
"c" 
"c" 
"$" "strsplit" "unlist" "which" "countCharOccurrences" 
"unlist" "which" "countCharOccurrences" 
"c" 
"c" 
"c" 
"c" 
"c" 
"strsplit" "unlist" "which" "countCharOccurrences" 
"c" 
"%in%" "[[.data.frame" "[[" "$.data.frame" "$" "strsplit" "unlist" "which" "countCharOccurrences" 
"c" 
"c" 
"c" 
"c" 
"c" 
"%in%" "[[.data.frame" "[[" "$.data.frame" "$" "strsplit" "unlist" "which" "countCharOccurrences" 
"c" 
"c" 
"strsplit" "unlist" "which" "countCharOccurrences" 
"c" 
"c" 
"c" 
"c" 
"c" 
"c" 
"c" 
"c" 
"c" 
"c" 
"c" 
"c" 
"c" 
"c" 
"c" 
"c" 
"c" 
"c" 
"c" 
"c" 
"is.matrix" "<Anonymous>" "[[.data.frame" "[[" "$.data.frame" "$" "strsplit" "unlist" "which" "countCharOccurrences" 
"c" 
"c" 
"c" 
"